Determining if the pthread_create exist failed with the following output:
Change Dir: /home/fish/perception_code/0/satellite_map/ws_satellite/src/GpsImu7661/cmake-build-debug/CMakeFiles/CMakeTmp

Run Build Command:"/usr/bin/make" "cmTC_fc80e/fast"
/usr/bin/make -f CMakeFiles/cmTC_fc80e.dir/build.make CMakeFiles/cmTC_fc80e.dir/build
make[1]: Entering directory '/home/fish/perception_code/0/satellite_map/ws_satellite/src/GpsImu7661/cmake-build-debug/CMakeFiles/CMakeTmp'
Building C object CMakeFiles/cmTC_fc80e.dir/CheckSymbolExists.c.o
/usr/bin/cc    -o CMakeFiles/cmTC_fc80e.dir/CheckSymbolExists.c.o   -c /home/fish/perception_code/0/satellite_map/ws_satellite/src/GpsImu7661/cmake-build-debug/CMakeFiles/CMakeTmp/CheckSymbolExists.c
Linking C executable cmTC_fc80e
/home/fish/下载/clion-2018.1.4/bin/cmake/bin/cmake -E cmake_link_script CMakeFiles/cmTC_fc80e.dir/link.txt --verbose=1
/usr/bin/cc      -rdynamic CMakeFiles/cmTC_fc80e.dir/CheckSymbolExists.c.o  -o cmTC_fc80e 
CMakeFiles/cmTC_fc80e.dir/CheckSymbolExists.c.o：在函数‘main’中：
CheckSymbolExists.c:(.text+0x16)：对‘pthread_create’未定义的引用
collect2: error: ld returned 1 exit status
CMakeFiles/cmTC_fc80e.dir/build.make:97: recipe for target 'cmTC_fc80e' failed
make[1]: *** [cmTC_fc80e] Error 1
make[1]: Leaving directory '/home/fish/perception_code/0/satellite_map/ws_satellite/src/GpsImu7661/cmake-build-debug/CMakeFiles/CMakeTmp'
Makefile:126: recipe for target 'cmTC_fc80e/fast' failed
make: *** [cmTC_fc80e/fast] Error 2

File /home/fish/perception_code/0/satellite_map/ws_satellite/src/GpsImu7661/cmake-build-debug/CMakeFiles/CMakeTmp/CheckSymbolExists.c:
/* */
#include <pthread.h>

int main(int argc, char** argv)
{
  (void)argv;
#ifndef pthread_create
  return ((int*)(&pthread_create))[argc];
#else
  (void)argc;
  return 0;
#endif
}

Determining if the function pthread_create exists in the pthreads failed with the following output:
Change Dir: /home/fish/perception_code/0/satellite_map/ws_satellite/src/GpsImu7661/cmake-build-debug/CMakeFiles/CMakeTmp

Run Build Command:"/usr/bin/make" "cmTC_d7985/fast"
/usr/bin/make -f CMakeFiles/cmTC_d7985.dir/build.make CMakeFiles/cmTC_d7985.dir/build
make[1]: Entering directory '/home/fish/perception_code/0/satellite_map/ws_satellite/src/GpsImu7661/cmake-build-debug/CMakeFiles/CMakeTmp'
Building C object CMakeFiles/cmTC_d7985.dir/CheckFunctionExists.c.o
/usr/bin/cc   -DCHECK_FUNCTION_EXISTS=pthread_create   -o CMakeFiles/cmTC_d7985.dir/CheckFunctionExists.c.o   -c /home/fish/下载/clion-2018.1.4/bin/cmake/share/cmake-3.10/Modules/CheckFunctionExists.c
Linking C executable cmTC_d7985
/home/fish/下载/clion-2018.1.4/bin/cmake/bin/cmake -E cmake_link_script CMakeFiles/cmTC_d7985.dir/link.txt --verbose=1
/usr/bin/cc  -DCHECK_FUNCTION_EXISTS=pthread_create    -rdynamic CMakeFiles/cmTC_d7985.dir/CheckFunctionExists.c.o  -o cmTC_d7985 -lpthreads 
/usr/bin/ld: 找不到 -lpthreads
collect2: error: ld returned 1 exit status
CMakeFiles/cmTC_d7985.dir/build.make:97: recipe for target 'cmTC_d7985' failed
make[1]: *** [cmTC_d7985] Error 1
make[1]: Leaving directory '/home/fish/perception_code/0/satellite_map/ws_satellite/src/GpsImu7661/cmake-build-debug/CMakeFiles/CMakeTmp'
Makefile:126: recipe for target 'cmTC_d7985/fast' failed
make: *** [cmTC_d7985/fast] Error 2


